build/app/intermediates/manifest_merge_blame_file/release/manifest-merger-blame-release-report.txt
1<?xml version="1.0" encoding="utf-8"?>
2<manifest xmlns:android="http://schemas.android.com/apk/res/android"
3    package="com.bhaithamen.app"
4    android:versionCode="2"
5    android:versionName="1.1.1" >
6
7    <uses-sdk
8        android:minSdkVersion="21"
8-->src/main/AndroidManifest.xml
9        android:targetSdkVersion="29" />
9-->src/main/AndroidManifest.xml
10
11    <uses-permission android:name="android.permission.SEND_SMS" />
11-->src/main/AndroidManifest.xml:3:5-67
11-->src/main/AndroidManifest.xml:3:22-64
12    <uses-permission android:name="android.permission.CAMERA" />
12-->src/main/AndroidManifest.xml:4:5-101
12-->src/main/AndroidManifest.xml:4:22-62
13    <uses-permission android:name="android.permission.RECORD_AUDIO" />
13-->src/main/AndroidManifest.xml:5:5-71
13-->src/main/AndroidManifest.xml:5:22-68
14    <uses-permission android:name="android.permission.WRITE_EXTERNAL_STORAGE" />
14-->src/main/AndroidManifest.xml:6:5-117
14-->src/main/AndroidManifest.xml:6:22-78
15    <uses-permission android:name="android.permission.READ_EXTERNAL_STORAGE" />
15-->src/main/AndroidManifest.xml:7:5-116
15-->src/main/AndroidManifest.xml:7:22-77
16    <uses-permission android:name="android.permission.ACCESS_FINE_LOCATION" />
16-->src/main/AndroidManifest.xml:8:5-79
16-->src/main/AndroidManifest.xml:8:22-76
17    <uses-permission android:name="android.permission.RECEIVE_BOOT_COMPLETED" />
17-->src/main/AndroidManifest.xml:9:5-80
17-->src/main/AndroidManifest.xml:9:22-78
18    <uses-permission android:name="android.permission.USE_FULL_SCREEN_INTENT" />
18-->src/main/AndroidManifest.xml:10:5-81
18-->src/main/AndroidManifest.xml:10:22-78
19    <uses-permission android:name="android.permission.VIBRATE" />
19-->src/main/AndroidManifest.xml:11:5-65
19-->src/main/AndroidManifest.xml:11:22-63
20    <uses-permission android:name="android.permission.USE_FINGERPRINT" />
20-->src/main/AndroidManifest.xml:12:5-73
20-->src/main/AndroidManifest.xml:12:22-71
21    <uses-permission android:name="android.permission.ACCESS_NETWORK_STATE" />
21-->[:firebase_analytics] AndroidManifest.xml:7:5-79
21-->[:firebase_analytics] AndroidManifest.xml:7:22-76
22    <uses-permission android:name="android.permission.INTERNET" />
22-->[:firebase_analytics] AndroidManifest.xml:8:5-67
22-->[:firebase_analytics] AndroidManifest.xml:8:22-64
23    <uses-permission android:name="android.permission.WAKE_LOCK" />
23-->[:firebase_analytics] AndroidManifest.xml:9:5-68
23-->[:firebase_analytics] AndroidManifest.xml:9:22-65
24    <uses-permission android:name="android.permission.ACCESS_COARSE_LOCATION" /> <!-- 允许程序修改全局音频设置 -->
24-->[:location] AndroidManifest.xml:7:5-81
24-->[:location] AndroidManifest.xml:7:22-78
25    <uses-permission android:name="android.permission.MODIFY_AUDIO_SETTINGS" />
25-->[:record_mp3] AndroidManifest.xml:18:5-80
25-->[:record_mp3] AndroidManifest.xml:18:22-77
26    <uses-permission android:name="android.permission.USE_BIOMETRIC" />
26-->[androidx.biometric:biometric:1.0.0-beta01] AndroidManifest.xml:24:5-72
26-->[androidx.biometric:biometric:1.0.0-beta01] AndroidManifest.xml:24:22-69
27    <uses-permission android:name="com.google.android.finsky.permission.BIND_GET_INSTALL_REFERRER_SERVICE" />
27-->[com.google.android.gms:play-services-measurement:17.6.0] AndroidManifest.xml:26:5-110
27-->[com.google.android.gms:play-services-measurement:17.6.0] AndroidManifest.xml:26:22-107
28
29    <uses-feature
29-->[com.google.android.gms:play-services-maps:17.0.0] AndroidManifest.xml:26:5-28:35
30        android:glEsVersion="0x00020000"
30-->[com.google.android.gms:play-services-maps:17.0.0] AndroidManifest.xml:27:9-41
31        android:required="true" />
31-->[com.google.android.gms:play-services-maps:17.0.0] AndroidManifest.xml:28:9-32
32
33    <uses-permission android:name="android.permission.ACCESS_BACKGROUND_LOCATION" />
33-->[com.transistorsoft:tslocationmanager:3.1.19] AndroidManifest.xml:5:5-84
33-->[com.transistorsoft:tslocationmanager:3.1.19] AndroidManifest.xml:5:22-82
34    <uses-permission android:name="android.permission.ACTIVITY_RECOGNITION" />
34-->[com.transistorsoft:tslocationmanager:3.1.19] AndroidManifest.xml:7:5-78
34-->[com.transistorsoft:tslocationmanager:3.1.19] AndroidManifest.xml:7:22-76
35    <uses-permission android:name="android.permission.ACCESS_LOCATION_EXTRA_COMMANDS" />
35-->[com.transistorsoft:tslocationmanager:3.1.19] AndroidManifest.xml:9:5-88
35-->[com.transistorsoft:tslocationmanager:3.1.19] AndroidManifest.xml:9:22-86
36    <uses-permission android:name="android.permission.FOREGROUND_SERVICE" />
36-->[com.transistorsoft:tslocationmanager:3.1.19] AndroidManifest.xml:11:5-76
36-->[com.transistorsoft:tslocationmanager:3.1.19] AndroidManifest.xml:11:22-74
37    <uses-permission android:name="com.google.android.gms.permission.ACTIVITY_RECOGNITION" />
37-->[com.transistorsoft:tslocationmanager:3.1.19] AndroidManifest.xml:12:5-93
37-->[com.transistorsoft:tslocationmanager:3.1.19] AndroidManifest.xml:12:22-91
38    <uses-permission android:name="android.permission.GET_TASKS" /> <!-- device-specific permissions for DeviceSettings methods -->
38-->[com.transistorsoft:tslocationmanager:3.1.19] AndroidManifest.xml:14:5-67
38-->[com.transistorsoft:tslocationmanager:3.1.19] AndroidManifest.xml:14:22-65
39    <uses-permission android:name="oppo.permission.OPPO_COMPONENT_SAFE" />
39-->[com.transistorsoft:tslocationmanager:3.1.19] AndroidManifest.xml:16:5-74
39-->[com.transistorsoft:tslocationmanager:3.1.19] AndroidManifest.xml:16:22-72
40    <uses-permission android:name="com.huawei.permission.external_app_settings.USE_COMPONENT" />
40-->[com.transistorsoft:tslocationmanager:3.1.19] AndroidManifest.xml:17:5-96
40-->[com.transistorsoft:tslocationmanager:3.1.19] AndroidManifest.xml:17:22-94
41
42    <uses-feature
42-->[com.transistorsoft:tslocationmanager:3.1.19] AndroidManifest.xml:18:5-90
43        android:name="android.hardware.location.gps"
43-->[com.transistorsoft:tslocationmanager:3.1.19] AndroidManifest.xml:18:19-63
44        android:required="false" />
44-->[com.transistorsoft:tslocationmanager:3.1.19] AndroidManifest.xml:18:64-88
45
46    <application
46-->src/main/AndroidManifest.xml:13:5-46:19
47        android:name="io.flutter.app.FlutterApplication"
47-->src/main/AndroidManifest.xml:13:48-96
48        android:appComponentFactory="androidx.core.app.CoreComponentFactory"
48-->[androidx.core:core:1.3.1] AndroidManifest.xml:24:18-86
49        android:icon="@drawable/ic_launcher"
49-->src/main/AndroidManifest.xml:13:123-159
50        android:label="ভাই থামেন"
50-->src/main/AndroidManifest.xml:13:97-122
51        android:requestLegacyExternalStorage="true" >
51-->[com.github.LuckSiege.PictureSelector:picture_library:v2.5.9] AndroidManifest.xml:13:18-61
52        <meta-data
52-->src/main/AndroidManifest.xml:14:9-123
53            android:name="com.google.android.geo.API_KEY"
53-->src/main/AndroidManifest.xml:14:20-65
54            android:value="AIzaSyA93MkaragygMfhAUK1ataXR9jm5xBcyj0" />
54-->src/main/AndroidManifest.xml:14:66-121
55        <!-- flutter_background_geolocation licence -->
56+        
57        <meta-data
57-->src/main/AndroidManifest.xml:16:10-162
58            android:name="com.transistorsoft.locationmanager.license"
58-->src/main/AndroidManifest.xml:16:21-78
59            android:value="28552731bb6172470ff30d3b3dad059d7c7afed0b445d632050061cb2ed1c315" />
59-->src/main/AndroidManifest.xml:16:79-159
60
61        <activity
61-->src/main/AndroidManifest.xml:17:9-33:20
62            android:name="com.bhaithamen.app.MainActivity"
62-->src/main/AndroidManifest.xml:17:19-47
63            android:configChanges="orientation|keyboardHidden|keyboard|screenSize|smallestScreenSize|locale|layoutDirection|fontScale|screenLayout|density|uiMode"
63-->src/main/AndroidManifest.xml:17:114-264
64            android:hardwareAccelerated="true"
64-->src/main/AndroidManifest.xml:17:265-299
65            android:launchMode="singleTop"
65-->src/main/AndroidManifest.xml:17:48-78
66            android:theme="@style/LaunchTheme"
66-->src/main/AndroidManifest.xml:17:79-113
67            android:windowSoftInputMode="adjustResize" >
67-->src/main/AndroidManifest.xml:17:300-342
68
69            <!--
70                 Specifies an Android theme to apply to this Activity as soon as
71                 the Android process has started. This theme is visible to the user
72                 while the Flutter UI initializes. After that, this theme continues
73                 to determine the Window background behind the Flutter UI.
74            -->
75            <meta-data
75-->src/main/AndroidManifest.xml:22:13-120
76                android:name="io.flutter.embedding.android.NormalTheme"
76-->src/main/AndroidManifest.xml:22:24-79
77                android:resource="@style/NormalTheme" />
77-->src/main/AndroidManifest.xml:22:80-117
78            <!--
79                 Displays an Android View that continues showing the launch screen
80                 Drawable until Flutter paints its first frame, then this splash
81                 screen fades out. A splash screen is useful to avoid any visual
82                 gap between the end of Android's launch screen and the painting of
83                 Flutter's first frame.
84            -->
85            <meta-data
85-->src/main/AndroidManifest.xml:28:13-138
86                android:name="io.flutter.embedding.android.SplashScreenDrawable"
86-->src/main/AndroidManifest.xml:28:24-88
87                android:resource="@drawable/launch_background" />
87-->src/main/AndroidManifest.xml:28:89-135
88
89            <intent-filter>
89-->src/main/AndroidManifest.xml:29:13-32:29
90                <action android:name="android.intent.action.MAIN" />
90-->src/main/AndroidManifest.xml:30:17-68
90-->src/main/AndroidManifest.xml:30:25-66
91
92                <category android:name="android.intent.category.LAUNCHER" />
92-->src/main/AndroidManifest.xml:31:17-76
92-->src/main/AndroidManifest.xml:31:27-74
93            </intent-filter>
94        </activity>
95        <!-- BroadcastReceiver that listens for incoming SMS messages -->
96        <receiver android:name="com.dexterous.flutterlocalnotifications.ScheduledNotificationReceiver" />
96-->src/main/AndroidManifest.xml:35:9-106
96-->src/main/AndroidManifest.xml:35:19-103
97        <receiver
97-->src/main/AndroidManifest.xml:36:9-40:20
98            android:name="com.caffebd.studentsurvey.messagerecieve.SmsBroadcastReceiver"
98-->src/main/AndroidManifest.xml:36:19-95
99            android:permission="android.permission.BROADCAST_SMS" >
99-->src/main/AndroidManifest.xml:36:96-149
100            <intent-filter>
100-->src/main/AndroidManifest.xml:37:13-39:29
101                <action android:name="android.provider.Telephony.SMS_DELIVER" />
101-->src/main/AndroidManifest.xml:38:17-81
101-->src/main/AndroidManifest.xml:38:25-78
102            </intent-filter>
103        </receiver>
104        <!--
105             Don't delete the meta-data below.
106             This is used by the Flutter tool to generate GeneratedPluginRegistrant.java
107        -->
108        <meta-data
108-->src/main/AndroidManifest.xml:43:9-72
109            android:name="flutterEmbedding"
109-->src/main/AndroidManifest.xml:43:20-51
110            android:value="2" />
110-->src/main/AndroidManifest.xml:43:52-69
111
112        <service
112-->src/main/AndroidManifest.xml:44:9-134
113            android:name="com.transistorsoft.locationmanager.service.TrackingService"
113-->src/main/AndroidManifest.xml:44:18-91
114            android:foregroundServiceType="location" />
114-->src/main/AndroidManifest.xml:44:92-132
115        <service
115-->src/main/AndroidManifest.xml:45:9-141
116            android:name="com.transistorsoft.locationmanager.service.LocationRequestService"
116-->src/main/AndroidManifest.xml:45:18-98
117            android:foregroundServiceType="location" />
117-->src/main/AndroidManifest.xml:45:99-139
118        <service
118-->[:cloud_firestore] AndroidManifest.xml:8:9-12:19
119            android:name="com.google.firebase.components.ComponentDiscoveryService"
119-->[:cloud_firestore] AndroidManifest.xml:8:18-89
120            android:directBootAware="true"
120-->[com.google.firebase:firebase-common:19.3.1] AndroidManifest.xml:35:13-43
121            android:exported="false" >
121-->[com.google.firebase:firebase-auth:19.4.0] AndroidManifest.xml:35:13-37
122            <meta-data
122-->[:cloud_firestore] AndroidManifest.xml:9:13-11:85
123                android:name="com.google.firebase.components:io.flutter.plugins.firebase.firestore.FlutterFirebaseFirestoreRegistrar"
123-->[:cloud_firestore] AndroidManifest.xml:10:17-134
124                android:value="com.google.firebase.components.ComponentRegistrar" />
124-->[:cloud_firestore] AndroidManifest.xml:11:17-82
125            <meta-data
125-->[:firebase_auth] AndroidManifest.xml:9:13-11:85
126                android:name="com.google.firebase.components:io.flutter.plugins.firebase.auth.FlutterFirebaseAuthRegistrar"
126-->[:firebase_auth] AndroidManifest.xml:10:17-124
127                android:value="com.google.firebase.components.ComponentRegistrar" />
127-->[:firebase_auth] AndroidManifest.xml:11:17-82
128            <meta-data
128-->[:firebase_storage] AndroidManifest.xml:9:13-11:85
129                android:name="com.google.firebase.components:io.flutter.plugins.firebase.storage.FlutterFirebaseAppRegistrar"
129-->[:firebase_storage] AndroidManifest.xml:10:17-126
130                android:value="com.google.firebase.components.ComponentRegistrar" />
130-->[:firebase_storage] AndroidManifest.xml:11:17-82
131            <meta-data
131-->[:firebase_crashlytics] AndroidManifest.xml:9:13-11:85
132                android:name="com.google.firebase.components:io.flutter.plugins.firebase.crashlytics.FlutterFirebaseAppRegistrar"
132-->[:firebase_crashlytics] AndroidManifest.xml:10:17-130
133                android:value="com.google.firebase.components.ComponentRegistrar" />
133-->[:firebase_crashlytics] AndroidManifest.xml:11:17-82
134            <meta-data
134-->[:firebase_analytics] AndroidManifest.xml:13:13-15:85
135                android:name="com.google.firebase.components:io.flutter.plugins.firebaseanalytics.FlutterFirebaseAppRegistrar"
135-->[:firebase_analytics] AndroidManifest.xml:14:17-127
136                android:value="com.google.firebase.components.ComponentRegistrar" />
136-->[:firebase_analytics] AndroidManifest.xml:15:17-82
137            <meta-data
137-->[:firebase_core] AndroidManifest.xml:9:13-11:85
138                android:name="com.google.firebase.components:io.flutter.plugins.firebase.core.FlutterFirebaseCoreRegistrar"
138-->[:firebase_core] AndroidManifest.xml:10:17-124
139                android:value="com.google.firebase.components.ComponentRegistrar" />
139-->[:firebase_core] AndroidManifest.xml:11:17-82
140            <meta-data
140-->[com.google.firebase:firebase-auth:19.4.0] AndroidManifest.xml:36:13-38:85
141                android:name="com.google.firebase.components:com.google.firebase.auth.FirebaseAuthRegistrar"
141-->[com.google.firebase:firebase-auth:19.4.0] AndroidManifest.xml:37:17-109
142                android:value="com.google.firebase.components.ComponentRegistrar" />
142-->[com.google.firebase:firebase-auth:19.4.0] AndroidManifest.xml:38:17-82
143            <meta-data
143-->[com.google.firebase:firebase-crashlytics:17.2.2] AndroidManifest.xml:16:13-18:85
144                android:name="com.google.firebase.components:com.google.firebase.crashlytics.CrashlyticsRegistrar"
144-->[com.google.firebase:firebase-crashlytics:17.2.2] AndroidManifest.xml:17:17-115
145                android:value="com.google.firebase.components.ComponentRegistrar" />
145-->[com.google.firebase:firebase-crashlytics:17.2.2] AndroidManifest.xml:18:17-82
146            <meta-data
146-->[com.google.firebase:firebase-storage:19.2.0] AndroidManifest.xml:33:13-35:85
147                android:name="com.google.firebase.components:com.google.firebase.storage.StorageRegistrar"
147-->[com.google.firebase:firebase-storage:19.2.0] AndroidManifest.xml:34:17-107
148                android:value="com.google.firebase.components.ComponentRegistrar" />
148-->[com.google.firebase:firebase-storage:19.2.0] AndroidManifest.xml:35:17-82
149            <meta-data
149-->[com.google.firebase:firebase-firestore:21.7.1] AndroidManifest.xml:20:13-22:85
150                android:name="com.google.firebase.components:com.google.firebase.firestore.FirestoreRegistrar"
150-->[com.google.firebase:firebase-firestore:21.7.1] AndroidManifest.xml:21:17-111
151                android:value="com.google.firebase.components.ComponentRegistrar" />
151-->[com.google.firebase:firebase-firestore:21.7.1] AndroidManifest.xml:22:17-82
152            <meta-data
152-->[com.google.android.gms:play-services-measurement-api:17.6.0] AndroidManifest.xml:30:13-32:85
153                android:name="com.google.firebase.components:com.google.firebase.analytics.connector.internal.AnalyticsConnectorRegistrar"
153-->[com.google.android.gms:play-services-measurement-api:17.6.0] AndroidManifest.xml:31:17-139
154                android:value="com.google.firebase.components.ComponentRegistrar" />
154-->[com.google.android.gms:play-services-measurement-api:17.6.0] AndroidManifest.xml:32:17-82
155            <meta-data
155-->[com.google.firebase:firebase-installations:16.3.3] AndroidManifest.xml:17:13-19:85
156                android:name="com.google.firebase.components:com.google.firebase.installations.FirebaseInstallationsRegistrar"
156-->[com.google.firebase:firebase-installations:16.3.3] AndroidManifest.xml:18:17-127
157                android:value="com.google.firebase.components.ComponentRegistrar" />
157-->[com.google.firebase:firebase-installations:16.3.3] AndroidManifest.xml:19:17-82
158        </service>
159
160        <activity
160-->[com.google.firebase:firebase-auth:19.4.0] AndroidManifest.xml:24:9-31:50
161            android:name="com.google.firebase.auth.internal.FederatedSignInActivity"
161-->[com.google.firebase:firebase-auth:19.4.0] AndroidManifest.xml:25:13-85
162            android:excludeFromRecents="true"
162-->[com.google.firebase:firebase-auth:19.4.0] AndroidManifest.xml:26:13-46
163            android:exported="true"
163-->[com.google.firebase:firebase-auth:19.4.0] AndroidManifest.xml:27:13-36
164            android:launchMode="singleTask"
164-->[com.google.firebase:firebase-auth:19.4.0] AndroidManifest.xml:28:13-44
165            android:permission="com.google.firebase.auth.api.gms.permission.LAUNCH_FEDERATED_SIGN_IN"
165-->[com.google.firebase:firebase-auth:19.4.0] AndroidManifest.xml:29:13-102
166            android:theme="@android:style/Theme.Translucent.NoTitleBar" />
166-->[com.google.firebase:firebase-auth:19.4.0] AndroidManifest.xml:30:13-72
167
168        <provider
168-->[:image_picker] AndroidManifest.xml:11:9-19:20
169            android:name="io.flutter.plugins.imagepicker.ImagePickerFileProvider"
169-->[:image_picker] AndroidManifest.xml:12:13-82
170            android:authorities="com.bhaithamen.app.flutter.image_provider"
170-->[:image_picker] AndroidManifest.xml:13:13-74
171            android:exported="false"
171-->[:image_picker] AndroidManifest.xml:14:13-37
172            android:grantUriPermissions="true" >
172-->[:image_picker] AndroidManifest.xml:15:13-47
173            <meta-data
173-->[:image_picker] AndroidManifest.xml:16:13-18:75
174                android:name="android.support.FILE_PROVIDER_PATHS"
174-->[:image_picker] AndroidManifest.xml:17:17-67
175                android:resource="@xml/flutter_image_picker_file_paths" />
175-->[:image_picker] AndroidManifest.xml:18:17-72
176        </provider>
177        <provider
177-->[:share] AndroidManifest.xml:8:9-16:20
178            android:name="io.flutter.plugins.share.ShareFileProvider"
178-->[:share] AndroidManifest.xml:9:13-70
179            android:authorities="com.bhaithamen.app.flutter.share_provider"
179-->[:share] AndroidManifest.xml:10:13-74
180            android:exported="false"
180-->[:share] AndroidManifest.xml:11:13-37
181            android:grantUriPermissions="true" >
181-->[:share] AndroidManifest.xml:12:13-47
182            <meta-data
182-->[:image_picker] AndroidManifest.xml:16:13-18:75
183                android:name="android.support.FILE_PROVIDER_PATHS"
183-->[:image_picker] AndroidManifest.xml:17:17-67
184                android:resource="@xml/flutter_share_file_paths" />
184-->[:image_picker] AndroidManifest.xml:18:17-72
185        </provider>
186
187        <activity
187-->[:url_launcher] AndroidManifest.xml:8:9-11:74
188            android:name="io.flutter.plugins.urllauncher.WebViewActivity"
188-->[:url_launcher] AndroidManifest.xml:9:13-74
189            android:exported="false"
189-->[:url_launcher] AndroidManifest.xml:10:13-37
190            android:theme="@android:style/Theme.NoTitleBar.Fullscreen" />
190-->[:url_launcher] AndroidManifest.xml:11:13-71
191
192        <service
192-->[com.google.android.datatransport:transport-backend-cct:2.3.1] AndroidManifest.xml:29:9-35:19
193            android:name="com.google.android.datatransport.runtime.backends.TransportBackendDiscovery"
193-->[com.google.android.datatransport:transport-backend-cct:2.3.1] AndroidManifest.xml:30:13-103
194            android:exported="false" >
194-->[com.google.android.datatransport:transport-backend-cct:2.3.1] AndroidManifest.xml:31:13-37
195            <meta-data
195-->[com.google.android.datatransport:transport-backend-cct:2.3.1] AndroidManifest.xml:32:13-34:39
196                android:name="backend:com.google.android.datatransport.cct.CctBackendFactory"
196-->[com.google.android.datatransport:transport-backend-cct:2.3.1] AndroidManifest.xml:33:17-94
197                android:value="cct" />
197-->[com.google.android.datatransport:transport-backend-cct:2.3.1] AndroidManifest.xml:34:17-36
198        </service>
199
200        <provider
200-->[com.github.LuckSiege.PictureSelector:picture_library:v2.5.9] AndroidManifest.xml:14:9-22:20
201            android:name="com.luck.picture.lib.PictureFileProvider"
201-->[com.github.LuckSiege.PictureSelector:picture_library:v2.5.9] AndroidManifest.xml:15:13-68
202            android:authorities="com.bhaithamen.app.provider"
202-->[com.github.LuckSiege.PictureSelector:picture_library:v2.5.9] AndroidManifest.xml:16:13-60
203            android:exported="false"
203-->[com.github.LuckSiege.PictureSelector:picture_library:v2.5.9] AndroidManifest.xml:17:13-37
204            android:grantUriPermissions="true" >
204-->[com.github.LuckSiege.PictureSelector:picture_library:v2.5.9] AndroidManifest.xml:18:13-47
205            <meta-data
205-->[:image_picker] AndroidManifest.xml:16:13-18:75
206                android:name="android.support.FILE_PROVIDER_PATHS"
206-->[:image_picker] AndroidManifest.xml:17:17-67
207                android:resource="@xml/file_paths" />
207-->[:image_picker] AndroidManifest.xml:18:17-72
208        </provider>
209
210        <activity
210-->[com.github.LuckSiege.PictureSelector:picture_library:v2.5.9] AndroidManifest.xml:24:9-26:77
211            android:name="com.luck.picture.lib.PictureSelectorActivity"
211-->[com.github.LuckSiege.PictureSelector:picture_library:v2.5.9] AndroidManifest.xml:25:13-72
212            android:configChanges="orientation|keyboardHidden|screenSize" />
212-->[com.github.LuckSiege.PictureSelector:picture_library:v2.5.9] AndroidManifest.xml:26:13-74
213        <activity
213-->[com.github.LuckSiege.PictureSelector:picture_library:v2.5.9] AndroidManifest.xml:27:9-29:77
214            android:name="com.luck.picture.lib.PictureSelectorWeChatStyleActivity"
214-->[com.github.LuckSiege.PictureSelector:picture_library:v2.5.9] AndroidManifest.xml:28:13-83
215            android:configChanges="orientation|keyboardHidden|screenSize" />
215-->[com.github.LuckSiege.PictureSelector:picture_library:v2.5.9] AndroidManifest.xml:29:13-74
216        <activity
216-->[com.github.LuckSiege.PictureSelector:picture_library:v2.5.9] AndroidManifest.xml:30:9-33:64
217            android:name="com.luck.picture.lib.PictureSelectorCameraEmptyActivity"
217-->[com.github.LuckSiege.PictureSelector:picture_library:v2.5.9] AndroidManifest.xml:31:13-83
218            android:configChanges="orientation|keyboardHidden|screenSize"
218-->[com.github.LuckSiege.PictureSelector:picture_library:v2.5.9] AndroidManifest.xml:32:13-74
219            android:theme="@style/Picture.Theme.Translucent" />
219-->[com.github.LuckSiege.PictureSelector:picture_library:v2.5.9] AndroidManifest.xml:33:13-61
220        <activity
220-->[com.github.LuckSiege.PictureSelector:picture_library:v2.5.9] AndroidManifest.xml:34:9-36:77
221            android:name="com.luck.picture.lib.PictureCustomCameraActivity"
221-->[com.github.LuckSiege.PictureSelector:picture_library:v2.5.9] AndroidManifest.xml:35:13-76
222            android:configChanges="orientation|keyboardHidden|screenSize" />
222-->[com.github.LuckSiege.PictureSelector:picture_library:v2.5.9] AndroidManifest.xml:36:13-74
223        <activity
223-->[com.github.LuckSiege.PictureSelector:picture_library:v2.5.9] AndroidManifest.xml:37:9-39:77
224            android:name="com.luck.picture.lib.PicturePreviewActivity"
224-->[com.github.LuckSiege.PictureSelector:picture_library:v2.5.9] AndroidManifest.xml:38:13-71
225            android:configChanges="orientation|keyboardHidden|screenSize" />
225-->[com.github.LuckSiege.PictureSelector:picture_library:v2.5.9] AndroidManifest.xml:39:13-74
226        <activity
226-->[com.github.LuckSiege.PictureSelector:picture_library:v2.5.9] AndroidManifest.xml:40:9-42:77
227            android:name="com.luck.picture.lib.PictureSelectorPreviewWeChatStyleActivity"
227-->[com.github.LuckSiege.PictureSelector:picture_library:v2.5.9] AndroidManifest.xml:41:13-90
228            android:configChanges="orientation|keyboardHidden|screenSize" />
228-->[com.github.LuckSiege.PictureSelector:picture_library:v2.5.9] AndroidManifest.xml:42:13-74
229        <activity
229-->[com.github.LuckSiege.PictureSelector:picture_library:v2.5.9] AndroidManifest.xml:43:9-46:50
230            android:name="com.luck.picture.lib.PictureVideoPlayActivity"
230-->[com.github.LuckSiege.PictureSelector:picture_library:v2.5.9] AndroidManifest.xml:44:13-73
231            android:configChanges="orientation|keyboardHidden|screenSize"
231-->[com.github.LuckSiege.PictureSelector:picture_library:v2.5.9] AndroidManifest.xml:45:13-74
232            android:screenOrientation="sensor" />
232-->[com.github.LuckSiege.PictureSelector:picture_library:v2.5.9] AndroidManifest.xml:46:13-47
233        <activity
233-->[com.github.LuckSiege.PictureSelector:picture_library:v2.5.9] AndroidManifest.xml:47:9-49:77
234            android:name="com.luck.picture.lib.PictureExternalPreviewActivity"
234-->[com.github.LuckSiege.PictureSelector:picture_library:v2.5.9] AndroidManifest.xml:48:13-79
235            android:configChanges="orientation|keyboardHidden|screenSize" />
235-->[com.github.LuckSiege.PictureSelector:picture_library:v2.5.9] AndroidManifest.xml:49:13-74
236        <activity
236-->[com.github.LuckSiege.PictureSelector:picture_library:v2.5.9] AndroidManifest.xml:50:9-52:77
237            android:name="com.luck.picture.lib.PicturePlayAudioActivity"
237-->[com.github.LuckSiege.PictureSelector:picture_library:v2.5.9] AndroidManifest.xml:51:13-73
238            android:configChanges="orientation|keyboardHidden|screenSize" />
238-->[com.github.LuckSiege.PictureSelector:picture_library:v2.5.9] AndroidManifest.xml:52:13-74
239        <activity
239-->[com.github.LuckSiege.PictureSelector:picture_library:v2.5.9] AndroidManifest.xml:53:9-55:61
240            android:name="com.yalantis.ucrop.UCropActivity"
240-->[com.github.LuckSiege.PictureSelector:picture_library:v2.5.9] AndroidManifest.xml:54:13-60
241            android:theme="@style/Base.Theme.NoActionBar" />
241-->[com.github.LuckSiege.PictureSelector:picture_library:v2.5.9] AndroidManifest.xml:55:13-58
242        <activity
242-->[com.github.LuckSiege.PictureSelector:picture_library:v2.5.9] AndroidManifest.xml:56:9-58:61
243            android:name="com.yalantis.ucrop.PictureMultiCuttingActivity"
243-->[com.github.LuckSiege.PictureSelector:picture_library:v2.5.9] AndroidManifest.xml:57:13-74
244            android:theme="@style/Base.Theme.NoActionBar" />
244-->[com.github.LuckSiege.PictureSelector:picture_library:v2.5.9] AndroidManifest.xml:58:13-58
245        <activity
245-->[androidx.biometric:biometric:1.0.0-beta01] AndroidManifest.xml:28:9-30:67
246            android:name="androidx.biometric.DeviceCredentialHandlerActivity"
246-->[androidx.biometric:biometric:1.0.0-beta01] AndroidManifest.xml:29:13-78
247            android:theme="@style/DeviceCredentialHandlerTheme" />
247-->[androidx.biometric:biometric:1.0.0-beta01] AndroidManifest.xml:30:13-64
248
249        <receiver
249-->[com.google.android.gms:play-services-measurement:17.6.0] AndroidManifest.xml:29:9-33:20
250            android:name="com.google.android.gms.measurement.AppMeasurementReceiver"
250-->[com.google.android.gms:play-services-measurement:17.6.0] AndroidManifest.xml:30:13-85
251            android:enabled="true"
251-->[com.google.android.gms:play-services-measurement:17.6.0] AndroidManifest.xml:31:13-35
252            android:exported="false" >
252-->[com.google.android.gms:play-services-measurement:17.6.0] AndroidManifest.xml:32:13-37
253        </receiver>
254
255        <service
255-->[com.google.android.gms:play-services-measurement:17.6.0] AndroidManifest.xml:35:9-38:40
256            android:name="com.google.android.gms.measurement.AppMeasurementService"
256-->[com.google.android.gms:play-services-measurement:17.6.0] AndroidManifest.xml:36:13-84
257            android:enabled="true"
257-->[com.google.android.gms:play-services-measurement:17.6.0] AndroidManifest.xml:37:13-35
258            android:exported="false" />